
=== Storybook profile: pixel7 ===
📖 SwiftMTP Storybook (CLI Edition)
===================================
Current Profile: pixel7

[Story 1: Device Discovery]
Found device: Google Pixel 7 (ID: 18d1:4ee1@1:2)

[Story 2: Connection]
✅ Connected!
   Serial: MOCK123

[Story 3: Storage Enumeration]
   💾 Internal Storage - 74.5 GB free
   💾 SD Card - 186.3 GB free

[Story 4: Event Notifications]
   Listening for device events...
   (Simulating hardware event: ObjectAdded 0xDEADBEEF)

[Story 5: Performance Monitoring]
   Simulating 50.0 MB transfer...
   Progress: 20% - Rate: 83.0 MB/s
   Progress: 40% - Rate: 80.6 MB/s
   Progress: 60% - Rate: 85.3 MB/s
   Progress: 80% - Rate: 81.4 MB/s
   Progress: 100% - Rate: 79.9 MB/s
   ✅ Simulation complete. Final Rate: 79.9 MB/s

[Story 6: Error Handling]
   Attempting connection to failing hardware...

✨ Storybook completed successfully!

=== Storybook profile: galaxy ===
📖 SwiftMTP Storybook (CLI Edition)
===================================
Current Profile: galaxy

[Story 1: Device Discovery]
Found device: Samsung Galaxy S21 (ID: 04e8:6860@1:3)

[Story 2: Connection]
✅ Connected!
   Serial: MOCK123

[Story 3: Storage Enumeration]
   💾 Internal Storage - 167.6 GB free

[Story 4: Event Notifications]
   Listening for device events...
   (Simulating hardware event: ObjectAdded 0xDEADBEEF)

[Story 5: Performance Monitoring]
   Simulating 50.0 MB transfer...
   Progress: 20% - Rate: 83.0 MB/s
   Progress: 40% - Rate: 81.8 MB/s
   Progress: 60% - Rate: 84.3 MB/s
   Progress: 80% - Rate: 81.9 MB/s
   Progress: 100% - Rate: 83.5 MB/s
   ✅ Simulation complete. Final Rate: 83.5 MB/s

[Story 6: Error Handling]
   Attempting connection to failing hardware...

✨ Storybook completed successfully!

=== Storybook profile: iphone ===
📖 SwiftMTP Storybook (CLI Edition)
===================================
Current Profile: iphone

[Story 1: Device Discovery]
Found device: Apple iPhone (ID: 05ac:12a8@1:4)

[Story 2: Connection]
✅ Connected!
   Serial: MOCK123

[Story 3: Storage Enumeration]
   💾 iPhone Storage - 46.6 GB free

[Story 4: Event Notifications]
   Listening for device events...
   (Simulating hardware event: ObjectAdded 0xDEADBEEF)

[Story 5: Performance Monitoring]
   Simulating 50.0 MB transfer...
   Progress: 20% - Rate: 84.1 MB/s
   Progress: 40% - Rate: 72.2 MB/s
   Progress: 60% - Rate: 86.5 MB/s
   Progress: 80% - Rate: 80.6 MB/s
   Progress: 100% - Rate: 81.3 MB/s
   ✅ Simulation complete. Final Rate: 81.3 MB/s

[Story 6: Error Handling]
   Attempting connection to failing hardware...

✨ Storybook completed successfully!

=== Storybook profile: canon ===
📖 SwiftMTP Storybook (CLI Edition)
===================================
Current Profile: canon

[Story 1: Device Discovery]
Found device: Canon EOS R5 (ID: 04a9:317a@1:5)

[Story 2: Connection]
✅ Connected!
   Serial: MOCK123

[Story 3: Storage Enumeration]
   💾 CFexpress Card - 372.5 GB free
   💾 SD Card - 93.1 GB free

[Story 4: Event Notifications]
   Listening for device events...
   (Simulating hardware event: ObjectAdded 0xDEADBEEF)

[Story 5: Performance Monitoring]
   Simulating 50.0 MB transfer...
   Progress: 20% - Rate: 82.6 MB/s
   Progress: 40% - Rate: 84.2 MB/s
   Progress: 60% - Rate: 84.4 MB/s
   Progress: 80% - Rate: 81.9 MB/s
   Progress: 100% - Rate: 82.6 MB/s
   ✅ Simulation complete. Final Rate: 82.6 MB/s

[Story 6: Error Handling]
   Attempting connection to failing hardware...

✨ Storybook completed successfully!
